<?xml version="1.0" encoding="UTF-8"?>
<testsuite xmlns:xsi="http://www.w3.org/2001/XMLSchema-instance" xsi:noNamespaceSchemaLocation="https://maven.apache.org/surefire/maven-surefire-plugin/xsd/surefire-test-report-3.0.xsd" version="3.0" name="TestSuite" time="123.322" tests="1" errors="0" skipped="0" failures="1">
  <properties>
[...]
</properties>
  <testcase name="testLogin" classname="GSTProject.GSTPROJECT.ExecuteTest" time="107.12">
    <failure message="invalid element state&#10;  (Session info: chrome=91.0.4472.114)&#10;Build info: version: &apos;3.141.59&apos;, revision: &apos;e82be7d358&apos;, time: &apos;2018-11-14T08:17:03&apos;&#10;System info: host: &apos;DESKTOP-15MQ1MA&apos;, ip: &apos;192.168.0.103&apos;, os.name: &apos;Windows 10&apos;, os.arch: &apos;amd64&apos;, os.version: &apos;10.0&apos;, java.version: &apos;1.8.0_241&apos;&#10;Driver info: org.openqa.selenium.chrome.ChromeDriver&#10;Capabilities {acceptInsecureCerts: false, browserName: chrome, browserVersion: 91.0.4472.114, chrome: {chromedriverVersion: 91.0.4472.101 (af52a90bf870..., userDataDir: C:\Users\SARATH~1\AppData\L...}, goog:chromeOptions: {debuggerAddress: localhost:56966}, javascriptEnabled: true, networkConnectionEnabled: false, pageLoadStrategy: normal, platform: WINDOWS, platformName: WINDOWS, proxy: Proxy(), setWindowRect: true, strictFileInteractability: false, timeouts: {implicit: 0, pageLoad: 300000, script: 30000}, unhandledPromptBehavior: dismiss and notify, webauthn:extension:largeBlob: true, webauthn:virtualAuthenticators: true}&#10;Session ID: 00882e95f2b39ae33cf1ed92acb616fd" type="org.openqa.selenium.InvalidElementStateException"><![CDATA[org.openqa.selenium.InvalidElementStateException: 
invalid element state
  (Session info: chrome=91.0.4472.114)
Build info: version: '3.141.59', revision: 'e82be7d358', time: '2018-11-14T08:17:03'
System info: host: 'DESKTOP-15MQ1MA', ip: '192.168.0.103', os.name: 'Windows 10', os.arch: 'amd64', os.version: '10.0', java.version: '1.8.0_241'
Driver info: org.openqa.selenium.chrome.ChromeDriver
Capabilities {acceptInsecureCerts: false, browserName: chrome, browserVersion: 91.0.4472.114, chrome: {chromedriverVersion: 91.0.4472.101 (af52a90bf870..., userDataDir: C:\Users\SARATH~1\AppData\L...}, goog:chromeOptions: {debuggerAddress: localhost:56966}, javascriptEnabled: true, networkConnectionEnabled: false, pageLoadStrategy: normal, platform: WINDOWS, platformName: WINDOWS, proxy: Proxy(), setWindowRect: true, strictFileInteractability: false, timeouts: {implicit: 0, pageLoad: 300000, script: 30000}, unhandledPromptBehavior: dismiss and notify, webauthn:extension:largeBlob: true, webauthn:virtualAuthenticators: true}
Session ID: 00882e95f2b39ae33cf1ed92acb616fd
	at GSTProject.GSTPROJECT.ExecuteTest.testLogin(ExecuteTest.java:59)
]]></failure>
    <system-out><![CDATA[[TestNGContentHandler] [WARN] It is strongly recommended to add "<!DOCTYPE suite SYSTEM "http://testng.org/testng-1.0.dtd" >" at the top of your file, otherwise TestNG may fail or not work as expected.
New Testcase->Login in Application Started
GOTOURL----not required----not required----url

ADVCLICK----project----xpath----not required

New Testcase->GST option Started
CLICK----GST----xpath----not required

CLICK----Options----xpath----not required

New Testcase->Invoice option Started
ADVCLICK----invoice----xpath----not required

CLICK----knowmore----xpath----not required

New Testcase->Next button Started
CLICK----Next----xpath----not required

New Testcase->Stats option Started
CLICK----Stats----xpath----not required

New Testcase->LinkedIN option Started
CLICK----linkedin----xpath----not required

WINDOW----not required----not required----not required

CLICK----video----xpath----not required

WINDOW----not required----not required----not required

New Testcase->Login option Started
CLICK----login----xpath----not required

New Testcase->Media option Started
ADVCLICK----media----xpath----not required

CLICK----event----xpath----not required

New Testcase->Partner option Started
ADVCLICK----partner----xpath----not required

ADVCLICK----vendors----xpath----not required

CLICK----tendors----xpath----not required

ADVCLICK----partner----xpath----not required

ADVCLICK----vendors----xpath----not required

CLICK----register----xpath----not required

New Testcase->Inputting text Started
SETTEXT----organisation----xpath----ABC Private Limited

SETTEXT----url----xpath----www.ABC.com

SETTEXT----gstid----xpath----12345.0

SETTEXT----turnover----xpath----500000.0

CLICK----profit----xpath----not required

CLICK----alert----xpath----not required

CLICK----blacklist----xpath----not required

CLICK----alert----xpath----not required

CLICK----dropdown----xpath----not required

JCLICK----select----xpath----not required

true
]]></system-out>
    <system-err><![CDATA[Starting ChromeDriver 91.0.4472.101 (af52a90bf87030dd1523486a1cd3ae25c5d76c9b-refs/branch-heads/4472@{#1462}) on port 3958
Only local connections are allowed.
Please see https://chromedriver.chromium.org/security-considerations for suggestions on keeping ChromeDriver safe.
ChromeDriver was started successfully.
Jul 18, 2021 12:41:41 PM org.openqa.selenium.remote.ProtocolHandshake createSession
INFO: Detected dialect: W3C
]]></system-err>
  </testcase>
</testsuite>