<?xml version="1.0" encoding="UTF-8"?>
<testng-results skipped="0" failed="0" ignored="0" total="1" passed="1">
  <reporter-output>
  </reporter-output>
  <suite name="GSTProject.GSTPROJECT.ExecuteTest" duration-ms="191694" started-at="2021-06-20T07:16:18Z" finished-at="2021-06-20T07:19:29Z">
    <groups>
    </groups>
    <test name="Command line test" duration-ms="191694" started-at="2021-06-20T07:16:18Z" finished-at="2021-06-20T07:19:29Z">
      <class name="GSTProject.GSTPROJECT.ExecuteTest">
        <test-method status="PASS" signature="setUp()[pri:0, instance:GSTProject.GSTPROJECT.ExecuteTest@2f7a2457]" name="setUp" is-config="true" duration-ms="82053" started-at="2021-06-20T12:46:18Z" finished-at="2021-06-20T12:47:40Z">
          <reporter-output>
          </reporter-output>
        </test-method> <!-- setUp -->
        <test-method status="PASS" signature="testLogin()[pri:0, instance:GSTProject.GSTPROJECT.ExecuteTest@2f7a2457]" name="testLogin" duration-ms="24424" started-at="2021-06-20T12:47:40Z" finished-at="2021-06-20T12:48:04Z">
          <reporter-output>
          </reporter-output>
        </test-method> <!-- testLogin -->
        <test-method status="PASS" signature="tearDown()[pri:0, instance:GSTProject.GSTPROJECT.ExecuteTest@2f7a2457]" name="tearDown" is-config="true" duration-ms="84959" started-at="2021-06-20T12:48:04Z" finished-at="2021-06-20T12:49:29Z">
          <reporter-output>
          </reporter-output>
        </test-method> <!-- tearDown -->
      </class> <!-- GSTProject.GSTPROJECT.ExecuteTest -->
    </test> <!-- Command line test -->
  </suite> <!-- GSTProject.GSTPROJECT.ExecuteTest -->
</testng-results>
